<?xml version="1.0" encoding="UTF-8"?>
<!-- Generated by org.testng.reporters.JUnitReportReporter -->
<testsuite hostname="MSI" failures="0" tests="1" name="Tesla.TeslaStockAnalyser" time="39.124" errors="0" timestamp="2025-01-23T11:12:21 IST" skipped="0">
  <testcase classname="Tesla.TeslaStockAnalyser" name="testTeslaStockAnalysis" time="39.124"/>
  <system-out/>
</testsuite> <!-- Tesla.TeslaStockAnalyser -->
